2018/03/28 12:02:11.189 [D] 测试 log 系统
2018/03/28 12:02:11.189 [D] 测试 log 系统
2018/03/28 12:03:05.764 [D] 测试 log 系统
2018/03/28 12:03:05.764 [D] 测试 log 系统
2018/03/28 14:19:29.472 [D] mq reader is starting
2018/03/28 14:19:43.868 [D] mq reader is starting
2018/03/28 14:19:49.403 [D] already send msg
2018/03/28 14:21:03.084 [D] mq reader is starting
2018/03/28 14:21:05.820 [D] already send msg, key: ts_queue_58
2018/03/28 14:37:51.803 [D] mq reader is starting
2018/03/28 14:37:55.960 [D] already send msg, key: ts_queue_59
2018/03/28 14:38:15.779 [D] already send msg, key: ts_queue_60
2018/03/28 14:38:43.589 [D] mq reader is starting
2018/03/28 14:38:46.829 [D] already send msg, key: ts_queue_61
2018/03/28 15:21:14.545 [D] mq reader is starting
2018/03/28 15:25:39.717 [D] mq reader is starting
2018/03/28 15:36:58.635 [D] mq reader is starting
2018/03/28 15:37:01.281 [D] already send msg, key: ts_queue_62
2018/03/28 15:37:09.668 [D] 插入数据库返回: {0xc4202f2150 0xc42024e250}
2018/03/28 15:38:04.015 [D] mq reader is starting
2018/03/28 15:38:20.655 [D] mq reader is starting
2018/03/28 15:38:22.722 [D] already send msg, key: ts_queue_63
2018/03/28 15:38:31.678 [D] 插入数据库返回: {0xc420268230 0xc42025a2f0} {"type":"async","Task":[{"api":"http://localhost:8899/api/tsest","try":"{\"message\": \"try\"}","confirm":"{\"message\":\"confirm\"}","cancel":"{'message': 'cancel'}","status":""},{"api":"http://localhost:8899/api/test","try":"{\"message\": \"try\"}","confirm":"{\"message\":\"confirm\"}","cancel":"{\"message\": \"cancel\"}","status":""}],"exec_num":0,"exec_time":0,"ID":63,"step":0,"error_msg":""} 1522222711 [91 123 34 83 116 97 116 117 115 34 58 52 48 48 44 34 66 111 100 121 34 58 34 52 48 52 32 112 97 103 101 32 110 111 116 32 102 111 117 110 100 34 44 34 69 114 114 111 114 34 58 34 34 125 44 123 34 83 116 97 116 117 115 34 58 50 48 48 44 34 66 111 100 121 34 58 34 123 92 34 109 101 115 115 97 103 101 92 34 58 92 34 116 114 121 92 34 125 34 44 34 69 114 114 111 114 34 58 34 34 125 93] 63
2018/03/28 15:39:08.254 [D] mq reader is starting
2018/03/28 15:39:19.278 [D] 插入数据库返回: {0xc4201e7730 0xc4201c6d10} {"type":"async","Task":[{"api":"http://localhost:8899/api/tsest","try":"{\"message\": \"try\"}","confirm":"{\"message\":\"confirm\"}","cancel":"{'message': 'cancel'}","status":""},{"api":"http://localhost:8899/api/test","try":"{\"message\": \"try\"}","confirm":"{\"message\":\"confirm\"}","cancel":"{\"message\": \"cancel\"}","status":""}],"exec_num":0,"exec_time":0,"ID":63,"step":0,"error_msg":""} 1522222759 [{"Status":400,"Body":"404 page not found","Error":""},{"Status":200,"Body":"{\"message\":\"try\"}","Error":""}] 63
2018/03/28 15:39:25.256 [D] already send msg, key: ts_queue_1
2018/03/28 15:39:28.376 [D] 插入数据库返回: {0xc420270230 0xc4201bc270} {"type":"async","Task":[{"api":"http://localhost:8899/api/tsest","try":"{\"message\": \"try\"}","confirm":"{\"message\":\"confirm\"}","cancel":"{'message': 'cancel'}","status":""},{"api":"http://localhost:8899/api/test","try":"{\"message\": \"try\"}","confirm":"{\"message\":\"confirm\"}","cancel":"{\"message\": \"cancel\"}","status":""}],"exec_num":0,"exec_time":0,"ID":1,"step":0,"error_msg":""} 1522222768 [{"Status":400,"Body":"404 page not found","Error":""},{"Status":200,"Body":"{\"message\":\"try\"}","Error":""}] 1
2018/03/28 15:40:14.987 [D] mq reader is starting
2018/03/28 15:40:22.710 [D] already send msg, key: ts_queue_2
2018/03/28 15:40:26.009 [D] 插入数据库返回: {0xc420173340 0xc42016b0c0} {"type":"async","Task":[{"api":"http://localhost:8899/api/tsest","try":"{\"message\": \"try\"}","confirm":"{\"message\":\"confirm\"}","cancel":"{'message': 'cancel'}","status":""},{"api":"http://localhost:8899/api/test","try":"{\"message\": \"try\"}","confirm":"{\"message\":\"confirm\"}","cancel":"{\"message\": \"cancel\"}","status":""}],"exec_num":0,"exec_time":0,"ID":63,"step":0,"error_msg":""} 1522222826 [{"Status":400,"Body":"404 page not found","Error":""},{"Status":200,"Body":"{\"message\":\"try\"}","Error":""}] 63
2018/03/28 15:40:28.017 [D] 插入数据库返回: {0xc42027a380 0xc4201ba3a0} {"type":"async","Task":[{"api":"http://localhost:8899/api/tsest","try":"{\"message\": \"try\"}","confirm":"{\"message\":\"confirm\"}","cancel":"{'message': 'cancel'}","status":""},{"api":"http://localhost:8899/api/test","try":"{\"message\": \"try\"}","confirm":"{\"message\":\"confirm\"}","cancel":"{\"message\": \"cancel\"}","status":""}],"exec_num":0,"exec_time":0,"ID":1,"step":0,"error_msg":""} 1522222828 [{"Status":400,"Body":"404 page not found","Error":""},{"Status":200,"Body":"{\"message\":\"try\"}","Error":""}] 1
2018/03/28 15:40:30.023 [D] 插入数据库返回: {0xc42027a4d0 0xc4201ba560} {"type":"async","Task":[{"api":"http://localhost:8899/api/tsest","try":"{\"message\": \"try\"}","confirm":"{\"message\":\"confirm\"}","cancel":"{'message': 'cancel'}","status":""},{"api":"http://localhost:8899/api/test","try":"{\"message\": \"try\"}","confirm":"{\"message\":\"confirm\"}","cancel":"{\"message\": \"cancel\"}","status":""}],"exec_num":0,"exec_time":0,"ID":2,"step":0,"error_msg":""} 1522222830 [{"Status":400,"Body":"404 page not found","Error":""},{"Status":200,"Body":"{\"message\":\"try\"}","Error":""}] 2
2018/03/28 15:42:12.587 [D] mq reader is starting
2018/03/28 15:42:18.201 [D] already send msg, key: ts_queue_3
2018/03/28 15:42:23.612 [D] 插入数据库返回: {0xc4202862a0 0xc420246430} {"type":"async","Task":[{"api":"http://localhost:8899/api/tsest","try":"{\"message\": \"try\"}","confirm":"{\"message\":\"confirm\"}","cancel":"{'message': 'cancel'}","status":""},{"api":"http://localhost:8899/api/test","try":"{\"message\": \"try\"}","confirm":"{\"message\":\"confirm\"}","cancel":"{\"message\": \"cancel\"}","status":""}],"exec_num":0,"exec_time":0,"ID":3,"step":0,"error_msg":""} 1522222943 [{"Status":400,"Body":"404 page not found","Error":""},{"Status":200,"Body":"{\"message\":\"try\"}","Error":""}] 3
2018/03/28 15:42:23.612 [D] affected num is 1 

2018/03/28 15:44:43.920 [D] mq reader is starting
2018/03/28 15:44:47.455 [D] already send msg, key: ts_queue_4
2018/03/28 15:44:54.944 [D] 插入数据库返回: {0xc420173500 0xc42016b340} {"type":"async","Task":[{"api":"http://localhost:8899/api/tsest","try":"{\"message\": \"try\"}","confirm":"{\"message\":\"confirm\"}","cancel":"{'message': 'cancel'}","status":""},{"api":"http://localhost:8899/api/test","try":"{\"message\": \"try\"}","confirm":"{\"message\":\"confirm\"}","cancel":"{\"message\": \"cancel\"}","status":""}],"exec_num":0,"exec_time":0,"ID":3,"step":0,"error_msg":""} 1522223094 [{"Status":400,"Body":"404 page not found","Error":""},{"Status":200,"Body":"{\"message\":\"try\"}","Error":""}] 3
2018/03/28 15:44:54.944 [D] affected num is 0 

2018/03/28 15:44:56.955 [D] 插入数据库返回: {0xc4201735e0 0xc42016b470} {"type":"async","Task":[{"api":"http://localhost:8899/api/tsest","try":"{\"message\": \"try\"}","confirm":"{\"message\":\"confirm\"}","cancel":"{'message': 'cancel'}","status":""},{"api":"http://localhost:8899/api/test","try":"{\"message\": \"try\"}","confirm":"{\"message\":\"confirm\"}","cancel":"{\"message\": \"cancel\"}","status":""}],"exec_num":0,"exec_time":0,"ID":4,"step":0,"error_msg":""} 1522223096 [{"Status":400,"Body":"404 page not found","Error":""},{"Status":200,"Body":"{\"message\":\"try\"}","Error":""}] 4
2018/03/28 15:44:56.955 [D] affected num is 1 

2018/03/28 15:45:41.267 [D] mq reader is starting
2018/03/28 15:45:45.004 [D] already send msg, key: ts_queue_5
2018/03/28 15:45:52.292 [D] 插入数据库返回: {0xc42026a1c0 0xc4202403c0} {"type":"async","Task":[{"api":"http://localhost:8899/api/tsest","try":"{\"message\": \"try\"}","confirm":"{\"message\":\"confirm\"}","cancel":"{'message': 'cancel'}","status":""},{"api":"http://localhost:8899/api/test","try":"{\"message\": \"try\"}","confirm":"{\"message\":\"confirm\"}","cancel":"{\"message\": \"cancel\"}","status":""}],"exec_num":0,"exec_time":0,"ID":3,"step":0,"error_msg":""} 1522223152 [{"Status":400,"Body":"404 page not found","Error":""},{"Status":200,"Body":"{\"message\":\"try\"}","Error":""}] 3
2018/03/28 15:45:52.292 [D] affected num is 0 

2018/03/28 15:45:54.300 [D] 插入数据库返回: {0xc42026a310 0xc420240510} {"type":"async","Task":[{"api":"http://localhost:8899/api/tsest","try":"{\"message\": \"try\"}","confirm":"{\"message\":\"confirm\"}","cancel":"{'message': 'cancel'}","status":""},{"api":"http://localhost:8899/api/test","try":"{\"message\": \"try\"}","confirm":"{\"message\":\"confirm\"}","cancel":"{\"message\": \"cancel\"}","status":""}],"exec_num":0,"exec_time":0,"ID":4,"step":0,"error_msg":""} 1522223154 [{"Status":400,"Body":"404 page not found","Error":""},{"Status":200,"Body":"{\"message\":\"try\"}","Error":""}] 4
2018/03/28 15:45:54.300 [D] affected num is 1 

2018/03/28 15:45:56.309 [D] 插入数据库返回: {0xc42026a3f0 0xc420240650} {"type":"async","Task":[{"api":"http://localhost:8899/api/tsest","try":"{\"message\": \"try\"}","confirm":"{\"message\":\"confirm\"}","cancel":"{'message': 'cancel'}","status":""},{"api":"http://localhost:8899/api/test","try":"{\"message\": \"try\"}","confirm":"{\"message\":\"confirm\"}","cancel":"{\"message\": \"cancel\"}","status":""}],"exec_num":0,"exec_time":0,"ID":5,"step":0,"error_msg":""} 1522223156 [{"Status":400,"Body":"404 page not found","Error":""},{"Status":200,"Body":"{\"message\":\"try\"}","Error":""}] 5
2018/03/28 15:45:56.309 [D] affected num is 1 

2018/03/28 15:46:35.348 [D] already send msg, key: ts_queue_6
2018/03/28 15:46:37.790 [D] 插入数据库返回: {0xc420266380 0xc420218570} {"type":"async","Task":[{"api":"http://localhost:8899/api/tsest","try":"{\"message\": \"try\"}","confirm":"{\"message\":\"confirm\"}","cancel":"{'message': 'cancel'}","status":""},{"api":"http://localhost:8899/api/test","try":"{\"message\": \"try\"}","confirm":"{\"message\":\"confirm\"}","cancel":"{\"message\": \"cancel\"}","status":""}],"exec_num":0,"exec_time":0,"ID":6,"step":0,"error_msg":""} 1522223197 [{"Status":400,"Body":"404 page not found","Error":""},{"Status":200,"Body":"{\"message\":\"try\"}","Error":""}] 6
2018/03/28 15:46:37.790 [D] affected num is 1 

2018/03/28 15:48:28.869 [D] mq reader is starting
2018/03/28 15:50:23.018 [D] mq reader is starting
2018/03/28 15:50:31.857 [D] already send msg, key: ts_queue_7
2018/03/28 15:50:34.038 [D] 插入数据库内容: {"type":"async","Task":[{"api":"http://localhost:8899/api/tsest","try":"{\"message\": \"try\"}","confirm":"{\"message\":\"confirm\"}","cancel":"{'message': 'cancel'}","status":""},{"api":"http://localhost:8899/api/test","try":"{\"message\": \"try\"}","confirm":"{\"message\":\"confirm\"}","cancel":"{\"message\": \"cancel\"}","status":""}],"exec_num":0,"exec_time":0,"ID":7,"step":0,"error_msg":""} 1522223434 [{"Status":400,"Body":"404 page not found","Error":""},{"Status":200,"Body":"{\"message\":\"try\"}","Error":""}] 7
2018/03/28 15:51:47.926 [D] mq reader is starting
2018/03/28 15:51:58.949 [D] 插入数据库内容: {"type":"async","Task":[{"api":"http://localhost:8899/api/tsest","try":"{\"message\": \"try\"}","confirm":"{\"message\":\"confirm\"}","cancel":"{'message': 'cancel'}","status":""},{"api":"http://localhost:8899/api/test","try":"{\"message\": \"try\"}","confirm":"{\"message\":\"confirm\"}","cancel":"{\"message\": \"cancel\"}","status":""}],"exec_num":0,"exec_time":0,"ID":7,"step":0,"error_msg":""} 1522223518 [{"Status":400,"Body":"404 page not found","Error":""},{"Status":200,"Body":"{\"message\":\"try\"}","Error":""}] 7
2018/03/28 15:54:21.339 [D] mq reader is starting
2018/03/28 15:54:46.866 [D] mq reader is starting
2018/03/28 16:04:27.356 [D] mq reader is starting
2018/03/28 16:05:39.242 [D] mq reader is starting
2018/03/28 16:05:43.368 [D] already send msg, key: ts_queue_8
2018/03/28 16:05:50.264 [D] 插入数据库内容: {"type":"async","Task":[{"api":"http://localhost:8899/api/test","try":"{\"message\": \"try\"}","confirm":"{\"message\":\"confirm\"}","cancel":"{'message': 'cancel'}","status":""},{"api":"http://localhost:8899/api/tes","try":"{\"message\": \"try\"}","confirm":"{\"message\":\"confirm\"}","cancel":"{\"message\": \"cancel\"}","status":""}],"exec_num":0,"exec_time":0,"ID":8,"step":0,"error_msg":""} 1522224350 [{"Status":400,"Body":"404 page not found","Error":"404 page not found","API":"http://localhost:8899/api/tes"},{"Status":200,"Body":"{\"message\":\"try\"}","Error":"","API":"http://localhost:8899/api/test"}] 8
2018/03/28 16:05:50.264 [D] 此处应该向某处发送错误通知
2018/03/28 16:06:23.995 [D] already send msg, key: ts_queue_9
2018/03/28 16:11:23.510 [D] mq reader is starting
2018/03/28 16:13:23.770 [D] mq reader is starting
2018/03/28 16:14:39.866 [D] mq reader is starting
2018/03/28 16:16:23.659 [D] already send msg, key: ts_queue_10
2018/03/28 16:17:04.297 [D] already send msg, key: ts_queue_11
2018/03/28 16:17:07.325 [D] 插入数据库内容: {"type":"async","Task":[{"api":"http://localhost:8899/api/tsest","try":"{\"message\": \"try\"}","confirm":"{\"message\":\"confirm\"}","cancel":"{'message': 'cancel'}","status":""},{"api":"http://localhost:8899/api/test","try":"{\"message\": \"try\"}","confirm":"{\"message\":\"confirm\"}","cancel":"{\"message\": \"cancel\"}","status":""}],"exec_num":0,"exec_time":0,"ID":11,"step":0,"error_msg":""} 1522225027 [{"Status":400,"Body":"404 page not found","Error":"404 page not found","API":"http://localhost:8899/api/tsest"},{"Status":200,"Body":"{\"message\":\"try\"}","Error":"","API":"http://localhost:8899/api/test"}] 11
2018/03/28 16:17:07.325 [D] 此处应该向某处发送错误通知
2018/03/28 16:18:11.035 [D] mq reader is starting
2018/03/28 16:18:13.811 [D] already send msg, key: ts_queue_12
2018/03/28 16:18:19.196 [D] already send msg, key: ts_queue_13
2018/03/28 16:18:22.052 [D] 插入数据库内容: {"type":"async","Task":[{"api":"http://localhost:8899/api/tsest","try":"{\"message\": \"try\"}","confirm":"{\"message\":\"confirm\"}","cancel":"{'message': 'cancel'}","status":""},{"api":"http://localhost:8899/api/test","try":"{\"message\": \"try\"}","confirm":"{\"message\":\"confirm\"}","cancel":"{\"message\": \"cancel\"}","status":""}],"exec_num":0,"exec_time":0,"ID":12,"step":0,"error_msg":""} 1522225102 [{"Status":400,"Body":"404 page not found","Error":"404 page not found","API":"http://localhost:8899/api/tsest"},{"Status":200,"Body":"{\"message\":\"try\"}","Error":"","API":"http://localhost:8899/api/test"}] 12
2018/03/28 16:18:22.052 [D] 此处应该向某处发送错误通知
2018/03/28 16:20:56.801 [D] mq reader is starting
2018/03/28 16:20:58.979 [D] already send msg, key: ts_queue_14
2018/03/28 16:21:07.823 [D] 插入数据库内容: {"type":"async","Task":[{"api":"http://localhost:8899/api/tsest","try":"{\"message\": \"try\"}","confirm":"{\"message\":\"confirm\"}","cancel":"{'message': 'cancel'}","status":""},{"api":"http://localhost:8899/api/test","try":"{\"message\": \"try\"}","confirm":"{\"message\":\"confirm\"}","cancel":"{\"message\": \"cancel\"}","status":""}],"exec_num":0,"exec_time":0,"ID":12,"step":0,"error_msg":""} 1522225267 [{"Status":400,"Body":"404 page not found","Error":"404 page not found","API":"http://localhost:8899/api/tsest"},{"Status":200,"Body":"{\"message\":\"try\"}","Error":"","API":"http://localhost:8899/api/test"}] 12
2018/03/28 16:21:07.823 [D] 此处应该向某处发送错误通知
2018/03/28 16:22:09.796 [D] mq reader is starting
2018/03/28 16:22:16.300 [D] already send msg, key: ts_queue_15
2018/03/28 16:23:16.267 [D] mq reader is starting
2018/03/28 16:23:27.283 [D] 执行 commit 逻辑  执行步骤: 1
2018/03/28 16:23:35.533 [D] already send msg, key: ts_queue_16
2018/03/28 16:23:45.483 [D] 执行 commit 逻辑  执行步骤: 1
2018/03/28 16:27:19.724 [D] mq reader is starting
2018/03/28 16:34:21.159 [D] mq reader is starting
2018/03/28 16:34:29.834 [D] already send msg, key: ts_queue_17
2018/03/28 16:34:32.176 [D] 执行 commit 逻辑  执行步骤: 1
2018/03/28 16:45:20.881 [D] mq reader is starting
2018/03/28 16:48:01.411 [D] mq reader is starting
2018/03/28 16:48:10.566 [D] mq reader is starting
2018/03/28 16:56:13.856 [D] mq reader is starting
2018/03/28 16:57:18.214 [D] mq reader is starting
2018/03/28 16:59:14.589 [D] mq reader is starting
2018/03/28 17:03:49.334 [D] mq reader is starting
2018/03/28 17:03:53.543 [D] already send msg, key: ts_queue_18
2018/03/28 17:04:00.371 [D] try 操作成功, ID: 18 &{async [{http://localhost:8899/api/test {"message": "try"} {"message":"confirm"} {'message': 'cancel'} 0   } {http://localhost:8899/api/test {"message": "try"} {"message":"confirm"} {"message": "cancel"} 0   }] 1 0 18 1 }
2018/03/28 17:04:00.371 [D] 持久化状态,ID: 18
2018/03/28 17:06:29.872 [D] mq reader is starting
2018/03/28 17:06:32.624 [D] already send msg, key: ts_queue_19
2018/03/28 17:06:40.983 [D] try 操作成功, ID: 18 &{async [{http://localhost:8899/api/test {"message": "try"} {"message":"confirm"} {'message': 'cancel'} 0   } {http://localhost:8899/api/test {"message": "try"} {"message":"confirm"} {"message": "cancel"} 0   }] 1 0 18 1 }
2018/03/28 17:06:40.983 [D] 持久化状态,ID: 18
2018/03/28 17:06:40.988 [D] 更新数据库信息,ID: 18
2018/03/28 17:06:40.988 [D] 执行 commit 逻辑  执行步骤: 1
2018/03/28 17:06:42.993 [D] try 操作成功, ID: 19 &{async [{http://localhost:8899/api/test {"message": "try"} {"message":"confirm"} {'message': 'cancel'} 0   } {http://localhost:8899/api/test {"message": "try"} {"message":"confirm"} {"message": "cancel"} 0   }] 1 0 19 1 }
2018/03/28 17:06:42.993 [D] 持久化状态,ID: 19
2018/03/28 17:06:42.998 [D] 更新数据库信息,ID: 19
2018/03/28 17:06:42.998 [D] 执行 commit 逻辑  执行步骤: 1
2018/03/28 17:08:33.274 [D] mq reader is starting
2018/03/28 17:08:37.063 [D] already send msg, key: ts_queue_20
2018/03/28 17:08:44.292 [D] try 操作成功, ID: 20 1
2018/03/28 17:08:44.292 [D] 持久化状态,ID: 20
2018/03/28 17:08:44.295 [D] 更新数据库信息,ID: 20
2018/03/28 17:08:44.295 [D] 执行 commit 逻辑  执行步骤: 1
2018/03/28 17:09:45.715 [D] mq reader is starting
2018/03/28 17:09:53.512 [D] already send msg, key: ts_queue_21
2018/03/28 17:09:56.736 [D] try 操作成功, ID: 20 1
2018/03/28 17:09:56.736 [D] 持久化状态,ID: 20
2018/03/28 17:09:56.739 [D] 更新数据库信息,ID: 20  执行步骤: 1
2018/03/28 17:09:56.739 [D] 执行 commit 逻辑  执行步骤: 1
2018/03/28 17:09:58.745 [D] try 操作成功, ID: 21 1
2018/03/28 17:09:58.745 [D] 持久化状态,ID: 21
2018/03/28 17:09:58.748 [D] 更新数据库信息,ID: 21  执行步骤: 1
2018/03/28 17:09:58.748 [D] 执行 commit 逻辑  执行步骤: 1
2018/03/28 17:10:29.339 [D] mq reader is starting
2018/03/28 17:10:40.368 [D] try 操作成功, ID: 20 1
2018/03/28 17:10:40.368 [D] 持久化状态,ID: 20
2018/03/28 17:10:40.372 [D] 更新数据库信息,ID: 20  执行步骤: 1 {"type":"async","Task":[{"api":"http://localhost:8899/api/test","try":"{\"message\": \"try\"}","confirm":"{\"message\":\"confirm\"}","cancel":"{'message': 'cancel'}","step":0,"try_status":"","commit_status":"","cancel_status":""},{"api":"http://localhost:8899/api/test","try":"{\"message\": \"try\"}","confirm":"{\"message\":\"confirm\"}","cancel":"{\"message\": \"cancel\"}","step":0,"try_status":"","commit_status":"","cancel_status":""}],"exec_num":1,"exec_time":0,"ID":20,"step":1,"error_msg":""}
2018/03/28 17:10:40.372 [D] 执行 commit 逻辑  执行步骤: 1
2018/03/28 17:10:42.375 [D] try 操作成功, ID: 21 1
2018/03/28 17:10:42.375 [D] 持久化状态,ID: 21
2018/03/28 17:10:42.381 [D] 更新数据库信息,ID: 21  执行步骤: 1 {"type":"async","Task":[{"api":"http://localhost:8899/api/test","try":"{\"message\": \"try\"}","confirm":"{\"message\":\"confirm\"}","cancel":"{'message': 'cancel'}","step":0,"try_status":"","commit_status":"","cancel_status":""},{"api":"http://localhost:8899/api/test","try":"{\"message\": \"try\"}","confirm":"{\"message\":\"confirm\"}","cancel":"{\"message\": \"cancel\"}","step":0,"try_status":"","commit_status":"","cancel_status":""}],"exec_num":1,"exec_time":0,"ID":21,"step":1,"error_msg":""}
2018/03/28 17:10:42.381 [D] 执行 commit 逻辑  执行步骤: 1
2018/03/28 17:10:59.066 [D] mq reader is starting
2018/03/28 17:11:10.089 [D] try 操作成功, ID: 20 1
2018/03/28 17:11:10.089 [D] 持久化状态,ID: 20
2018/03/28 17:11:10.095 [D] 更新数据库信息,ID: 20
2018/03/28 17:11:10.095 [D] 执行 commit 逻辑  执行步骤: 1
2018/03/28 17:11:12.097 [D] try 操作成功, ID: 21 1
2018/03/28 17:11:12.097 [D] 持久化状态,ID: 21
2018/03/28 17:11:12.100 [D] 更新数据库信息,ID: 21
2018/03/28 17:11:12.100 [D] 执行 commit 逻辑  执行步骤: 1
2018/03/28 17:50:57.430 [D] mq reader is starting
2018/03/28 17:52:03.117 [D] mq reader is starting
2018/03/28 17:52:07.016 [D] already send msg, key: ts_queue_22
2018/03/28 17:52:14.146 [D] try 操作成功, ID: 22 1
2018/03/28 17:52:14.146 [D] 持久化状态,ID: 22
2018/03/28 17:52:14.150 [D] 更新数据库信息,ID: 22
2018/03/28 17:52:14.150 [D] 执行 commit 逻辑  执行步骤: 1
2018/03/28 17:52:14.150 [D] 当前准备执行的任务索引: [0 1]
2018/03/28 17:58:32.426 [D] mq reader is starting
2018/03/28 18:58:05.284 [D] already send msg, key: ts_queue_23
2018/03/28 18:58:14.056 [D] try 操作成功, ID: 23 1
2018/03/28 18:58:14.056 [D] 持久化状态,ID: 23
2018/03/28 18:58:14.061 [D] 更新数据库信息,ID: 23
2018/03/28 18:58:14.061 [D] 执行 commit 逻辑  执行步骤: 1
2018/03/28 18:58:14.061 [D] 当前准备执行的任务索引: [0 1]
2018/03/28 18:58:51.574 [D] already send msg, key: ts_queue_24
2018/03/28 18:58:59.531 [D] 插入数据库内容: {"type":"async","Task":[{"api":"http://localhost:8899/api/teswt","try":"{\"message\": \"try\"}","confirm":"{\"message\":\"confirm\"}","cancel":"{'message': 'cancel'}","step":0,"try_status":"","commit_status":"","cancel_status":""},{"api":"http://localhost:8899/api/test","try":"{\"message\": \"try\"}","confirm":"{\"message\":\"confirm\"}","cancel":"{\"message\": \"cancel\"}","step":0,"try_status":"","commit_status":"","cancel_status":""}],"exec_num":1,"exec_time":0,"ID":24,"step":0,"error_msg":""} 1522234739 [{"Status":400,"Body":"404 page not found","Error":"404 page not found","API":"http://localhost:8899/api/teswt","Index":0},{"Status":200,"Body":"{\"message\":\"try\"}","Error":"","API":"http://localhost:8899/api/test","Index":1}] 24
2018/03/28 18:58:59.531 [D] 此处应该向某处发送错误通知
2018/03/28 19:04:07.979 [D] mq reader is starting
2018/03/28 19:06:19.207 [D] mq reader is starting
2018/03/28 19:06:26.385 [D] already send msg, key: ts_queue_25
2018/03/28 19:07:21.020 [D] mq reader is starting
2018/03/28 19:07:23.395 [D] already send msg, key: ts_queue_26
2018/03/28 19:07:30.041 [D] 插入数据库内容: {"type":"async","Task":[{"api":"http://localhost:8899/api/teswt","try":"{\"message\": \"try\"}","confirm":"{\"message\":\"confirm\"}","cancel":"{'message': 'cancel'}","step":0,"try_status":"","commit_status":"","cancel_status":""},{"api":"http://localhost:8899/api/test","try":"{\"message\": \"try\"}","confirm":"{\"message\":\"confirm\"}","cancel":"{\"message\": \"cancel\"}","step":0,"try_status":"","commit_status":"","cancel_status":""}],"exec_num":1,"exec_time":0,"ID":26,"step":0,"error_msg":""} 1522235250 [{"Status":400,"Body":"404 page not found","Error":"404 page not found","API":"http://localhost:8899/api/teswt/try","Index":0},{"Status":200,"Body":"{\"message\":\"try\",\"Type\":\"try api\"}","Error":"","API":"http://localhost:8899/api/test/try","Index":1}] 26
2018/03/28 19:07:30.041 [D] 此处应该向某处发送错误通知
2018/03/28 19:08:19.150 [D] mq reader is starting
2018/03/28 19:08:28.164 [D] 插入数据库内容: {"type":"async","Task":[{"api":"http://localhost:8899/api/teswt","try":"{\"message\": \"try\"}","confirm":"{\"message\":\"confirm\"}","cancel":"{'message': 'cancel'}","step":0,"try_status":"","commit_status":"","cancel_status":""},{"api":"http://localhost:8899/api/test","try":"{\"message\": \"try\"}","confirm":"{\"message\":\"confirm\"}","cancel":"{\"message\": \"cancel\"}","step":0,"try_status":"","commit_status":"","cancel_status":""}],"exec_num":1,"exec_time":0,"ID":26,"step":0,"error_msg":""} 1522235308 [{"Status":400,"Body":"404 page not found","Error":"404 page not found","API":"http://localhost:8899/api/teswt/try","Index":0},{"Status":200,"Body":"{\"message\":\"try\",\"Type\":\"try api\"}","Error":"","API":"http://localhost:8899/api/test/try","Index":1}] 26
2018/03/28 19:08:28.164 [D] 此处应该向某处发送错误通知
2018/03/28 19:09:21.059 [D] mq reader is starting
2018/03/28 19:09:27.616 [D] already send msg, key: ts_queue_27
2018/03/28 19:09:30.071 [D] 插入数据库内容: {"type":"async","Task":[{"api":"http://localhost:8899/api/teswt","try":"{\"message\": \"try\"}","confirm":"{\"message\":\"confirm\"}","cancel":"{'message': 'cancel'}","step":0,"try_status":"","commit_status":"","cancel_status":""},{"api":"http://localhost:8899/api/test","try":"{\"message\": \"try\"}","confirm":"{\"message\":\"confirm\"}","cancel":"{\"message\": \"cancel\"}","step":0,"try_status":"","commit_status":"","cancel_status":""}],"exec_num":1,"exec_time":0,"ID":26,"step":0,"error_msg":""} 1522235370 [{"Status":400,"Body":"404 page not found","Error":"404 page not found","API":"http://localhost:8899/api/teswt/try","Index":0},{"Status":200,"Body":"{\"message\":\"try\",\"Type\":\"try api\"}","Error":"","API":"http://localhost:8899/api/test/try","Index":1}] 26
2018/03/28 19:09:30.071 [D] 此处应该向某处发送错误通知
2018/03/28 19:09:30.072 [D] try 操作成功, ID: 27 1
2018/03/28 19:09:30.072 [D] 持久化状态,ID: 27
2018/03/28 19:09:30.074 [D] 更新数据库信息,ID: 27
2018/03/28 19:09:30.074 [D] 执行 commit 逻辑  执行步骤: 1
2018/03/28 19:09:30.074 [D] 当前准备执行的任务索引: [0 1]
2018/03/28 19:40:28.659 [D] mq reader is starting
2018/03/28 19:40:32.293 [D] already send msg, key: ts_queue_28
2018/03/28 19:40:37.667 [D] try 操作成功, ID: 28 1
2018/03/28 19:40:37.667 [D] 持久化状态,ID: 28
2018/03/28 19:40:37.669 [D] 更新数据库信息,ID: 28
2018/03/28 19:40:37.669 [D] 执行 commit 逻辑  执行步骤: 1
2018/03/28 19:40:37.669 [D] 当前准备执行的任务索引: [0 1]
2018/03/28 19:42:44.444 [D] mq reader is starting
2018/03/28 19:42:47.597 [D] already send msg, key: ts_queue_29
2018/03/28 19:42:53.467 [D] try 操作成功, ID: 29 1
2018/03/28 19:42:53.467 [D] 持久化状态,ID: 29
2018/03/28 19:42:53.470 [D] 更新数据库信息,ID: 29
2018/03/28 19:42:53.470 [D] 执行 commit 逻辑  执行步骤: 1
2018/03/28 19:42:53.471 [D] 当前准备执行的任务索引: [0 1]
2018/03/28 19:45:03.168 [D] mq reader is starting
2018/03/28 19:45:12.186 [D] try 操作成功, ID: 29 1
2018/03/28 19:45:12.186 [D] 持久化状态,ID: 29
2018/03/28 19:45:12.189 [D] 更新数据库信息,ID: 29
2018/03/28 19:45:12.189 [D] 执行 commit 逻辑  执行步骤: 1
2018/03/28 19:45:12.191 [D] 当前准备执行的任务索引: [0 1]
2018/03/28 19:47:17.824 [D] mq reader is starting
2018/03/28 19:49:03.822 [D] already send msg, key: ts_queue_30
2018/03/28 19:49:06.900 [D] try 操作成功, ID: 30 1
2018/03/28 19:49:06.900 [D] 持久化状态,ID: 30
2018/03/28 19:49:06.906 [D] 更新数据库信息,ID: 30
2018/03/28 19:49:06.906 [D] 执行 commit 逻辑  执行步骤: 1
2018/03/28 19:49:06.908 [D] 当前准备执行的任务索引: [0 1]
2018/03/28 19:49:32.379 [D] mq reader is starting
2018/03/28 19:49:35.691 [D] already send msg, key: ts_queue_31
2018/03/28 19:49:41.393 [D] try 操作成功, ID: 30 1
2018/03/28 19:49:41.393 [D] 持久化状态,ID: 30
2018/03/28 19:49:41.398 [D] 更新数据库信息,ID: 30
2018/03/28 19:49:41.398 [D] 执行 commit 逻辑  执行步骤: 1
2018/03/28 19:49:41.399 [D] 当前准备执行的任务索引: [0 1]
2018/03/28 19:49:41.400 [D] try 操作成功, ID: 31 1
2018/03/28 19:49:41.400 [D] 持久化状态,ID: 31
2018/03/28 19:49:41.402 [D] 更新数据库信息,ID: 31
2018/03/28 19:49:41.402 [D] 执行 commit 逻辑  执行步骤: 1
2018/03/28 19:49:41.402 [D] 当前准备执行的任务索引: [0 1]
2018/03/28 19:50:26.480 [D] already send msg, key: ts_queue_32
2018/03/28 19:50:26.880 [D] 插入数据库内容: {"type":"async","Task":[{"api":"http://localhost:8899/api/tetst","try":"{\"message\": \"try\"}","confirm":"{\"message\":\"confirm\"}","cancel":"{'message': 'cancel'}","step":0,"try_status":"","commit_status":"","cancel_status":""},{"api":"http://localhost:8899/api/test","try":"{\"message\": \"try\"}","confirm":"{\"message\":\"confirm\"}","cancel":"{\"message\": \"cancel\"}","step":0,"try_status":"","commit_status":"","cancel_status":""}],"exec_num":1,"exec_time":0,"ID":32,"step":0,"error_msg":""} 1522237826 [{"code":200,"data":"{\"message\":\"try\",\"Type\":\"\",\"ErrorCode\":0,\"ErrorMessage\":\"\"}","error_message":"","API":"http://localhost:8899/api/test/try","Index":1,"error_code":0},{"code":400,"data":"404 page not found","error_message":"request error","API":"http://localhost:8899/api/tetst/try","Index":0,"error_code":0}] 32
2018/03/28 19:50:26.880 [D] 此处应该向某处发送错误通知
2018/03/28 19:51:27.403 [D] mq reader is starting
2018/03/28 19:51:41.883 [D] mq reader is starting
2018/03/28 19:51:44.795 [D] already send msg, key: ts_queue_33
2018/03/28 19:51:50.896 [D] 插入数据库内容: {"type":"async","Task":[{"api":"http://localhost:8899/api/tetst","try":"{\"message\": \"try\"}","confirm":"{\"message\":\"confirm\"}","cancel":"{'message': 'cancel'}","step":0,"try_status":"","commit_status":"","cancel_status":""},{"api":"http://localhost:8899/api/test","try":"{\"message\": \"try\"}","confirm":"{\"message\":\"confirm\"}","cancel":"{\"message\": \"cancel\"}","step":0,"try_status":"","commit_status":"","cancel_status":""}],"exec_num":1,"exec_time":0,"ID":33,"step":0,"error_msg":""} 1522237910 [{"code":400,"data":"404 page not found","error_message":"request error","API":"http://localhost:8899/api/tetst/try","Index":0,"error_code":0},{"code":200,"data":"{\"message\":\"try\",\"type\":\"\",\"code\":0,\"error_code\":0,\"error_message\":\"\"}","error_message":"","API":"http://localhost:8899/api/test/try","Index":1,"error_code":0}] 33
2018/03/28 19:51:50.896 [D] 此处应该向某处发送错误通知
2018/03/28 19:55:54.670 [D] mq reader is starting
2018/03/28 19:56:03.700 [D] 插入数据库内容: {"type":"async","Task":[{"api":"http://localhost:8899/api/tetst","try":"{\"message\": \"try\"}","confirm":"{\"message\":\"confirm\"}","cancel":"{'message': 'cancel'}","step":0,"try_status":"","commit_status":"","cancel_status":""},{"api":"http://localhost:8899/api/test","try":"{\"message\": \"try\"}","confirm":"{\"message\":\"confirm\"}","cancel":"{\"message\": \"cancel\"}","step":0,"try_status":"","commit_status":"","cancel_status":""}],"exec_num":1,"exec_time":0,"ID":33,"step":0,"error_msg":""} 1522238163 [{"code":400,"data":"404 page not found","error_message":"request error","API":"http://localhost:8899/api/tetst/try","Index":0,"error_code":0},{"code":200,"data":"{\"message\":\"try\",\"type\":\"try api\",\"code\":200,\"error_code\":200,\"error_message\":\"nothing wrong\",\"data\":\"{\\\"message\\\": \\\"try\\\"}\"}","error_message":"","API":"http://localhost:8899/api/test/try","Index":1,"error_code":0}] 33
2018/03/28 19:56:03.700 [D] 此处应该向某处发送错误通知
2018/03/28 19:56:29.137 [D] already send msg, key: ts_queue_34
2018/03/28 19:56:29.141 [D] 插入数据库内容: {"type":"async","Task":[{"api":"http://localhost:8899/api/tetst","try":"{\"message\": \"try\"}","confirm":"{\"message\":\"confirm\"}","cancel":"{'message': 'cancel'}","step":0,"try_status":"","commit_status":"","cancel_status":""},{"api":"http://localhost:8899/api/test","try":"{\"message\": \"try\"}","confirm":"{\"message\":\"confirm\"}","cancel":"{\"message\": \"cancel\"}","step":0,"try_status":"","commit_status":"","cancel_status":""}],"exec_num":1,"exec_time":0,"ID":34,"step":0,"error_msg":""} 1522238189 [{"code":200,"data":"{\"message\":\"try\",\"type\":\"try api\",\"code\":200,\"error_code\":200,\"error_message\":\"nothing wrong\",\"data\":\"{\\\"message\\\": \\\"try\\\"}\"}","error_message":"","API":"http://localhost:8899/api/test/try","Index":1,"error_code":0},{"code":400,"data":"404 page not found","error_message":"request error","API":"http://localhost:8899/api/tetst/try","Index":0,"error_code":0}] 34
2018/03/28 19:56:29.141 [D] 此处应该向某处发送错误通知
2018/03/28 19:58:45.890 [D] already send msg, key: ts_queue_35
2018/03/28 19:58:54.588 [D] try 操作成功, ID: 35 1
2018/03/28 19:58:54.588 [D] 持久化状态,ID: 35
2018/03/28 19:58:54.595 [D] 更新数据库信息,ID: 35
2018/03/28 19:58:54.595 [D] 执行 commit 逻辑  执行步骤: 1
2018/03/28 19:58:54.596 [D] 当前准备执行的任务索引: [0 1]
2018/03/28 19:59:46.851 [D] mq reader is starting
2018/03/28 19:59:49.256 [D] already send msg, key: ts_queue_36
2018/03/28 19:59:55.868 [D] 插入数据库内容: {"type":"async","Task":[{"api":"http://localhost:8899/api/tetst","try":"{\"message\": \"try\"}","confirm":"{\"message\":\"confirm\"}","cancel":"{'message': 'cancel'}","step":0,"try_status":"","commit_status":"","cancel_status":""},{"api":"http://localhost:8899/api/test","try":"{\"message\": \"try\"}","confirm":"{\"message\":\"confirm\"}","cancel":"{\"message\": \"cancel\"}","step":0,"try_status":"","commit_status":"","cancel_status":""}],"exec_num":1,"exec_time":0,"ID":34,"step":0,"error_msg":""} 1522238395 [{"code":400,"data":"404 page not found","error_message":"request error","API":"http://localhost:8899/api/tetst/try","Index":0,"error_code":0},{"code":200,"data":"{\"message\":\"try\",\"type\":\"try api\",\"code\":200,\"error_code\":200,\"error_message\":\"nothing wrong\",\"data\":\"{\\\"message\\\": \\\"try\\\"}\"}","error_message":"","API":"http://localhost:8899/api/test/try","Index":1,"error_code":0}] 34
2018/03/28 19:59:55.868 [D] 此处应该向某处发送错误通知
2018/03/28 19:59:55.870 [D] try 操作成功, ID: 35 1
2018/03/28 19:59:55.870 [D] 持久化状态,ID: 35
2018/03/28 19:59:55.871 [D] 更新数据库信息,ID: 35
2018/03/28 19:59:55.872 [D] 执行 commit 逻辑  执行步骤: 1
2018/03/28 19:59:55.872 [D] 当前准备执行的任务索引: [0 1]
2018/03/28 19:59:55.873 [D] try 操作成功, ID: 36 1
2018/03/28 19:59:55.873 [D] 持久化状态,ID: 36
2018/03/28 19:59:55.874 [D] 更新数据库信息,ID: 36
2018/03/28 19:59:55.874 [D] 执行 commit 逻辑  执行步骤: 1
2018/03/28 19:59:55.875 [D] 当前准备执行的任务索引: [0 1]
2018/03/28 20:06:23.304 [D] mq reader is starting
2018/03/28 20:07:03.311 [D] mq reader is starting
2018/03/28 20:07:12.333 [D] already send msg, key: ts_queue_37
2018/03/28 20:07:21.423 [D] 插入数据库内容: {"type":"async","Task":[{"api":"http://localhost:8899/api/test","try":"{\"message\": \"try\"}","confirm":"{\"message\":\"confirm\"}","cancel":"{'message': 'cancel'}","step":0,"try_status":"","commit_status":"","cancel_status":""},{"api":"http://localhost:8899/api/test","try":"{\"message\": \"try\"}","confirm":"{\"message\":\"confirm\"}","cancel":"{\"message\": \"cancel\"}","step":0,"try_status":"","commit_status":"","cancel_status":""}],"exec_num":1,"exec_time":0,"ID":37,"step":0,"error_msg":""} 1522238841 [{"code":0,"data":"","error_message":"","API":"","Index":1,"error_code":0},{"code":0,"data":"","error_message":"","API":"","Index":0,"error_code":0}] 37
2018/03/28 20:07:21.423 [D] 此处应该向某处发送错误通知
2018/03/28 20:09:40.703 [D] already send msg, key: ts_queue_38
2018/03/28 20:09:47.213 [D] 插入数据库内容: {"type":"async","Task":[{"api":"http://localhost:8899/api/test","try":"{\"message\": \"try\"}","confirm":"{\"message\":\"confirm\"}","cancel":"{'message': 'cancel'}","step":0,"try_status":"","commit_status":"","cancel_status":""},{"api":"http://localhost:8899/api/test","try":"{\"message\": \"try\"}","confirm":"{\"message\":\"confirm\"}","cancel":"{\"message\": \"cancel\"}","step":0,"try_status":"","commit_status":"","cancel_status":""}],"exec_num":1,"exec_time":0,"ID":38,"step":0,"error_msg":""} 1522238987 [{"code":0,"data":"","error_message":"","API":"","Index":0,"error_code":0},{"code":0,"data":"","error_message":"","API":"","Index":1,"error_code":0}] 38
2018/03/28 20:09:47.213 [D] 此处应该向某处发送错误通知
2018/03/28 20:10:42.216 [D] mq reader is starting
2018/03/28 20:10:45.077 [D] already send msg, key: ts_queue_39
2018/03/28 20:10:51.236 [D] try 操作成功, ID: 37 1
2018/03/28 20:10:51.236 [D] 持久化状态,ID: 37
2018/03/28 20:10:51.240 [D] 更新数据库信息,ID: 37
2018/03/28 20:10:51.240 [D] 执行 commit 逻辑  执行步骤: 1
2018/03/28 20:10:51.241 [D] 当前准备执行的任务索引: [0 1]
2018/03/28 20:10:51.242 [D] try 操作成功, ID: 38 1
2018/03/28 20:10:51.242 [D] 持久化状态,ID: 38
2018/03/28 20:10:51.245 [D] 更新数据库信息,ID: 38
2018/03/28 20:10:51.245 [D] 执行 commit 逻辑  执行步骤: 1
2018/03/28 20:10:51.245 [D] 当前准备执行的任务索引: [0 1]
2018/03/28 20:10:51.246 [D] try 操作成功, ID: 39 1
2018/03/28 20:10:51.246 [D] 持久化状态,ID: 39
2018/03/28 20:10:51.247 [D] 更新数据库信息,ID: 39
2018/03/28 20:10:51.247 [D] 执行 commit 逻辑  执行步骤: 1
2018/03/28 20:10:51.248 [D] 当前准备执行的任务索引: [0 1]
2018/03/28 20:16:05.868 [D] mq reader is starting
2018/03/28 20:40:30.123 [D] mq reader is starting
2018/03/28 20:41:43.476 [D] mq reader is starting
2018/03/28 20:41:51.339 [D] already send msg, key: ts_queue_40
2018/03/28 20:41:52.497 [D] post返回的内容: {200 {"message": "try"} nothing wrong  0 200} {"message":"try","type":"try api","code":200,"error_code":200,"error_message":"nothing wrong","data":"{\"message\": \"try\"}"}
2018/03/28 20:41:52.497 [D] post返回的内容: {200 {"message": "try"} nothing wrong  0 200} {"message":"try","type":"try api","code":200,"error_code":200,"error_message":"nothing wrong","data":"{\"message\": \"try\"}"}
2018/03/28 20:41:52.500 [D] 插入数据库内容: {"type":"async","Task":[{"api":"http://localhost:8899/api/test","try":"{\"message\": \"try\"}","confirm":"{\"message\":\"confirm\"}","cancel":"{'message': 'cancel'}","step":0,"try_status":"","commit_status":"","cancel_status":""},{"api":"http://localhost:8899/api/test","try":"{\"message\": \"try\"}","confirm":"{\"message\":\"confirm\"}","cancel":"{\"message\": \"cancel\"}","step":0,"try_status":"","commit_status":"","cancel_status":""}],"exec_num":1,"exec_time":0,"ID":40,"step":0,"error_msg":""} 1522240912 [{"code":401,"data":"{\"message\": \"try\"}","error_message":"nothing wrong","API":"","Index":1,"error_code":200},{"code":401,"data":"{\"message\": \"try\"}","error_message":"nothing wrong","API":"","Index":0,"error_code":200}] 40
2018/03/28 20:41:52.500 [D] 此处应该向某处发送错误通知
2018/03/28 20:42:52.645 [D] already send msg, key: ts_queue_41
2018/03/28 20:42:56.161 [D] post返回的内容: {200 {"message": "try"} nothing wrong  0 200} {"message":"try","type":"try api","code":200,"error_code":200,"error_message":"nothing wrong","data":"{\"message\": \"try\"}"}
2018/03/28 20:42:56.161 [D] post返回的内容: {200 {"message": "try"} nothing wrong  0 200} {"message":"try","type":"try api","code":200,"error_code":200,"error_message":"nothing wrong","data":"{\"message\": \"try\"}"}
2018/03/28 20:42:56.166 [D] 插入数据库内容: {"type":"async","Task":[{"api":"http://localhost:8899/api/test","try":"{\"message\": \"try\"}","confirm":"{\"message\":\"confirm\"}","cancel":"{'message': 'cancel'}","step":0,"try_status":"","commit_status":"","cancel_status":""},{"api":"http://localhost:8899/api/test","try":"{\"message\": \"try\"}","confirm":"{\"message\":\"confirm\"}","cancel":"{\"message\": \"cancel\"}","step":0,"try_status":"","commit_status":"","cancel_status":""}],"exec_num":1,"exec_time":0,"ID":41,"step":0,"error_msg":""} 1522240976 [{"code":401,"data":"{\"message\": \"try\"}","error_message":"nothing wrong","API":"","Index":1,"error_code":200},{"code":401,"data":"{\"message\": \"try\"}","error_message":"nothing wrong","API":"","Index":0,"error_code":200}] 41
2018/03/28 20:42:56.166 [D] 此处应该向某处发送错误通知
2018/03/28 20:44:41.354 [D] already send msg, key: ts_queue_42
2018/03/28 20:44:45.306 [D] post返回的内容: {200 {"message": "try"} nothing wrong  0 200} {"message":"try","type":"try api","code":200,"error_code":200,"error_message":"nothing wrong","data":"{\"message\": \"try\"}"}
2018/03/28 20:44:45.306 [D] post返回的内容: {200 {"message": "try"} nothing wrong  0 200} {"message":"try","type":"try api","code":200,"error_code":200,"error_message":"nothing wrong","data":"{\"message\": \"try\"}"}
2018/03/28 20:44:45.309 [D] 插入数据库内容: {"type":"async","Task":[{"api":"http://localhost:8899/api/test","try":"{\"message\": \"try\"}","confirm":"{\"message\":\"confirm\"}","cancel":"{\"message\": \"cancel\"}","step":0,"try_status":"","commit_status":"","cancel_status":""},{"api":"http://localhost:8899/api/test","try":"{\"message\": \"try\"}","confirm":"{\"message\":\"confirm\"}","cancel":"{\"message\": \"cancel\"}","step":0,"try_status":"","commit_status":"","cancel_status":""}],"exec_num":1,"exec_time":0,"ID":42,"step":0,"error_msg":""} 1522241085 [{"code":401,"data":"{\"message\": \"try\"}","error_message":"nothing wrong","API":"","Index":1,"error_code":200},{"code":401,"data":"{\"message\": \"try\"}","error_message":"nothing wrong","API":"","Index":0,"error_code":200}] 42
2018/03/28 20:44:45.309 [D] 此处应该向某处发送错误通知
2018/03/28 20:46:06.398 [D] mq reader is starting
2018/03/28 20:46:12.977 [D] already send msg, key: ts_queue_43
2018/03/28 20:46:15.410 [D] post返回的内容: {200 {"message": "try"} nothing wrong  0 200} {"message":"try","type":"try api","code":200,"error_code":200,"error_message":"nothing wrong","data":"{\"message\": \"try\"}"}
2018/03/28 20:46:15.410 [D] post返回的内容: {200 {"message": "try"} nothing wrong  0 200} {"message":"try","type":"try api","code":200,"error_code":200,"error_message":"nothing wrong","data":"{\"message\": \"try\"}"}
2018/03/28 20:46:15.413 [D] 插入数据库内容: {"type":"async","Task":[{"api":"http://localhost:8899/api/test","try":"{\"message\": \"try\"}","confirm":"{\"message\":\"confirm\"}","cancel":"{'message': 'cancel'}","step":0,"try_status":"","commit_status":"","cancel_status":""},{"api":"http://localhost:8899/api/test","try":"{\"message\": \"try\"}","confirm":"{\"message\":\"confirm\"}","cancel":"{\"message\": \"cancel\"}","step":0,"try_status":"","commit_status":"","cancel_status":""}],"exec_num":1,"exec_time":0,"ID":40,"step":0,"error_msg":""} 1522241175 [{"code":401,"data":"{\"message\": \"try\"}","error_message":"nothing wrong","API":"","Index":1,"error_code":200},{"code":401,"data":"{\"message\": \"try\"}","error_message":"nothing wrong","API":"","Index":0,"error_code":200}] 40
2018/03/28 20:46:15.413 [D] 此处应该向某处发送错误通知
2018/03/28 20:46:15.413 [D] post返回的内容: {200 {"message": "try"} nothing wrong  0 200} {"message":"try","type":"try api","code":200,"error_code":200,"error_message":"nothing wrong","data":"{\"message\": \"try\"}"}
2018/03/28 20:46:15.413 [D] post返回的内容: {200 {"message": "try"} nothing wrong  0 200} {"message":"try","type":"try api","code":200,"error_code":200,"error_message":"nothing wrong","data":"{\"message\": \"try\"}"}
2018/03/28 20:46:15.415 [D] 插入数据库内容: {"type":"async","Task":[{"api":"http://localhost:8899/api/test","try":"{\"message\": \"try\"}","confirm":"{\"message\":\"confirm\"}","cancel":"{'message': 'cancel'}","step":0,"try_status":"","commit_status":"","cancel_status":""},{"api":"http://localhost:8899/api/test","try":"{\"message\": \"try\"}","confirm":"{\"message\":\"confirm\"}","cancel":"{\"message\": \"cancel\"}","step":0,"try_status":"","commit_status":"","cancel_status":""}],"exec_num":1,"exec_time":0,"ID":41,"step":0,"error_msg":""} 1522241175 [{"code":401,"data":"{\"message\": \"try\"}","error_message":"nothing wrong","API":"","Index":1,"error_code":200},{"code":401,"data":"{\"message\": \"try\"}","error_message":"nothing wrong","API":"","Index":0,"error_code":200}] 41
2018/03/28 20:46:15.415 [D] 此处应该向某处发送错误通知
2018/03/28 20:46:15.416 [D] post返回的内容: {200 {"message": "try"} nothing wrong  0 200} {"message":"try","type":"try api","code":200,"error_code":200,"error_message":"nothing wrong","data":"{\"message\": \"try\"}"}
2018/03/28 20:46:15.416 [D] post返回的内容: {200 {"message": "try"} nothing wrong  0 200} {"message":"try","type":"try api","code":200,"error_code":200,"error_message":"nothing wrong","data":"{\"message\": \"try\"}"}
2018/03/28 20:46:15.417 [D] 插入数据库内容: {"type":"async","Task":[{"api":"http://localhost:8899/api/test","try":"{\"message\": \"try\"}","confirm":"{\"message\":\"confirm\"}","cancel":"{\"message\": \"cancel\"}","step":0,"try_status":"","commit_status":"","cancel_status":""},{"api":"http://localhost:8899/api/test","try":"{\"message\": \"try\"}","confirm":"{\"message\":\"confirm\"}","cancel":"{\"message\": \"cancel\"}","step":0,"try_status":"","commit_status":"","cancel_status":""}],"exec_num":1,"exec_time":0,"ID":42,"step":0,"error_msg":""} 1522241175 [{"code":401,"data":"{\"message\": \"try\"}","error_message":"nothing wrong","API":"","Index":1,"error_code":200},{"code":401,"data":"{\"message\": \"try\"}","error_message":"nothing wrong","API":"","Index":0,"error_code":200}] 42
2018/03/28 20:46:15.417 [D] 此处应该向某处发送错误通知
2018/03/28 20:46:15.418 [D] post返回的内容: {200 {"message": "try"} nothing wrong  0 200} {"message":"try","type":"try api","code":200,"error_code":200,"error_message":"nothing wrong","data":"{\"message\": \"try\"}"}
2018/03/28 20:46:15.418 [D] post返回的内容: {200 {"message": "try"} nothing wrong  0 200} {"message":"try","type":"try api","code":200,"error_code":200,"error_message":"nothing wrong","data":"{\"message\": \"try\"}"}
2018/03/28 20:46:15.420 [D] 插入数据库内容: {"type":"async","Task":[{"api":"http://localhost:8899/api/test","try":"{\"message\": \"try\"}","confirm":"{\"message\":\"confirm\"}","cancel":"{\"message\": \"cancel\"}","step":0,"try_status":"","commit_status":"","cancel_status":""},{"api":"http://localhost:8899/api/test","try":"{\"message\": \"try\"}","confirm":"{\"message\":\"confirm\"}","cancel":"{\"message\": \"cancel\"}","step":0,"try_status":"","commit_status":"","cancel_status":""}],"exec_num":1,"exec_time":0,"ID":43,"step":0,"error_msg":""} 1522241175 [{"code":401,"data":"{\"message\": \"try\"}","error_message":"nothing wrong","API":"","Index":1,"error_code":200},{"code":401,"data":"{\"message\": \"try\"}","error_message":"nothing wrong","API":"","Index":0,"error_code":200}] 43
2018/03/28 20:46:15.420 [D] 此处应该向某处发送错误通知
2018/03/28 20:46:45.500 [D] mq reader is starting
2018/03/28 20:46:48.336 [D] already send msg, key: ts_queue_44
2018/03/28 20:46:54.531 [D] post返回的内容: {200 {"message": "try"} nothing wrong  0 0} {"message":"try","type":"try api","code":200,"error_code":0,"error_message":"nothing wrong","data":"{\"message\": \"try\"}"}
2018/03/28 20:46:54.531 [D] post返回的内容: {200 {"message": "try"} nothing wrong  0 0} {"message":"try","type":"try api","code":200,"error_code":0,"error_message":"nothing wrong","data":"{\"message\": \"try\"}"}
2018/03/28 20:46:54.531 [D] try 操作成功, ID: 44 1
2018/03/28 20:46:54.531 [D] 持久化状态,ID: 44
2018/03/28 20:46:54.535 [D] 更新数据库信息,ID: 44
2018/03/28 20:46:54.535 [D] 执行 commit 逻辑  执行步骤: 1
2018/03/28 20:46:54.535 [D] post返回的内容: {0    0 0} {"message":"confirm","Type":"confirm api"}
2018/03/28 20:46:54.535 [D] post返回的内容: {0    0 0} {"message":"confirm","Type":"confirm api"}
2018/03/28 20:46:54.535 [D] 执行重回队列的操作
2018/03/28 20:49:24.884 [D] mq reader is starting
2018/03/28 20:49:30.272 [D] already send msg, key: ts_queue_45
2018/03/28 20:49:33.896 [D] post 请求返回内容: {"message":"try","type":"try api","code":200,"error_code":0,"error_message":"nothing wrong","data":"{\"message\": \"try\"}"}
2018/03/28 20:49:33.896 [D] post 请求返回内容: {"message":"try","type":"try api","code":200,"error_code":0,"error_message":"nothing wrong","data":"{\"message\": \"try\"}"}
2018/03/28 20:49:33.896 [D] try 操作成功, ID: 44 1
2018/03/28 20:49:33.896 [D] 持久化状态,ID: 44
2018/03/28 20:49:33.900 [D] 更新数据库信息,ID: 44
2018/03/28 20:49:33.900 [D] 执行 commit 逻辑  执行步骤: 1
2018/03/28 20:49:33.901 [D] post 请求返回内容: {"message":"confirm","Type":"confirm api"}
2018/03/28 20:49:33.901 [D] post 请求返回内容: {"message":"confirm","Type":"confirm api"}
2018/03/28 20:49:33.901 [D] 执行重回队列的操作
2018/03/28 20:49:33.902 [D] post 请求返回内容: {"message":"try","type":"try api","code":200,"error_code":0,"error_message":"nothing wrong","data":"{\"message\": \"try\"}"}
2018/03/28 20:49:33.902 [D] post 请求返回内容: {"message":"try","type":"try api","code":200,"error_code":0,"error_message":"nothing wrong","data":"{\"message\": \"try\"}"}
2018/03/28 20:49:33.902 [D] try 操作成功, ID: 45 1
2018/03/28 20:49:33.902 [D] 持久化状态,ID: 45
2018/03/28 20:49:33.904 [D] 更新数据库信息,ID: 45
2018/03/28 20:49:33.904 [D] 执行 commit 逻辑  执行步骤: 1
2018/03/28 20:49:33.905 [D] post 请求返回内容: {"message":"confirm","Type":"confirm api"}
2018/03/28 20:49:33.905 [D] post 请求返回内容: {"message":"confirm","Type":"confirm api"}
2018/03/28 20:49:33.905 [D] 执行重回队列的操作
2018/03/28 20:50:31.215 [D] mq reader is starting
2018/03/28 20:50:40.222 [D] post 请求返回内容: {"message":"try","type":"try api","code":200,"error_code":0,"error_message":"nothing wrong","data":"{\"message\": \"try\"}"}
2018/03/28 20:50:40.223 [D] post 请求返回内容: {"message":"try","type":"try api","code":200,"error_code":0,"error_message":"nothing wrong","data":"{\"message\": \"try\"}"}
2018/03/28 20:50:40.223 [D] try 操作成功, ID: 44 1
2018/03/28 20:50:40.223 [D] 持久化状态,ID: 44
2018/03/28 20:50:40.226 [D] 更新数据库信息,ID: 44
2018/03/28 20:50:40.226 [D] 执行 commit 逻辑  执行步骤: 1
2018/03/28 20:50:40.227 [D] post 请求返回内容: {"message":"confirm","Type":"confirm api"}
2018/03/28 20:50:40.227 [D] post 请求返回内容: {"message":"confirm","Type":"confirm api"}
2018/03/28 20:50:40.228 [D] post 请求返回内容: {"message":"try","type":"try api","code":200,"error_code":0,"error_message":"nothing wrong","data":"{\"message\": \"try\"}"}
2018/03/28 20:50:40.229 [D] post 请求返回内容: {"message":"try","type":"try api","code":200,"error_code":0,"error_message":"nothing wrong","data":"{\"message\": \"try\"}"}
2018/03/28 20:50:40.229 [D] try 操作成功, ID: 45 1
2018/03/28 20:50:40.229 [D] 持久化状态,ID: 45
2018/03/28 20:50:40.231 [D] 更新数据库信息,ID: 45
2018/03/28 20:50:40.232 [D] 执行 commit 逻辑  执行步骤: 1
2018/03/28 20:50:40.232 [D] post 请求返回内容: {"message":"confirm","Type":"confirm api"}
2018/03/28 20:50:40.232 [D] post 请求返回内容: {"message":"confirm","Type":"confirm api"}
2018/03/28 20:50:43.293 [D] already send msg, key: ts_queue_46
2018/03/28 20:50:49.316 [D] post 请求返回内容: {"message":"try","type":"try api","code":200,"error_code":0,"error_message":"nothing wrong","data":"{\"message\": \"try\"}"}
2018/03/28 20:50:49.316 [D] post 请求返回内容: {"message":"try","type":"try api","code":200,"error_code":0,"error_message":"nothing wrong","data":"{\"message\": \"try\"}"}
2018/03/28 20:50:49.316 [D] try 操作成功, ID: 46 1
2018/03/28 20:50:49.316 [D] 持久化状态,ID: 46
2018/03/28 20:50:49.321 [D] 更新数据库信息,ID: 46
2018/03/28 20:50:49.321 [D] 执行 commit 逻辑  执行步骤: 1
2018/03/28 20:50:49.322 [D] post 请求返回内容: {"message":"confirm","Type":"confirm api"}
2018/03/28 20:50:49.322 [D] post 请求返回内容: {"message":"confirm","Type":"confirm api"}
